
**** Build of configuration CPU2_FLASH for project blinky_dc_cpu02 ****

"C:\\ti\\ccs1200\\ccs\\utils\\bin\\gmake" -k all 
 
Building file: "C:/Users/hites/Desktop/Github_Ideas/Thesis/Thesis/Software/Thesis_CC/C2000Ware_4_01_00_00/device_support/f2837xd/common/source/F2837xD_CodeStartBranch.asm"
Invoking: C2000 Compiler
"C:/ti/ccs1200/ccs/tools/compiler/ti-cgt-c2000_22.6.0.LTS/bin/cl2000" -v28 -ml -mt --float_support=fpu32 --cla_support=cla1 --tmu_support=tmu0 --vcu_support=vcu2 --include_path="C:/ti/ccs1200/ccs/tools/compiler/ti-cgt-c2000_22.6.0.LTS/include" --include_path="C:/Users/hites/Desktop/Github_Ideas/Thesis/Thesis/Software/Thesis_CC/C2000Ware_4_01_00_00/device_support/f2837xd/headers/include" --include_path="C:/Users/hites/Desktop/Github_Ideas/Thesis/Thesis/Software/Thesis_CC/C2000Ware_4_01_00_00/device_support/f2837xd/common/include" -g --define=CPU2 --define=_FLASH --display_error_number --diag_warning=225 --preproc_with_compile --preproc_dependency="F2837xD_CodeStartBranch.d_raw"  "C:/Users/hites/Desktop/Github_Ideas/Thesis/Thesis/Software/Thesis_CC/C2000Ware_4_01_00_00/device_support/f2837xd/common/source/F2837xD_CodeStartBranch.asm"
Finished building: "C:/Users/hites/Desktop/Github_Ideas/Thesis/Thesis/Software/Thesis_CC/C2000Ware_4_01_00_00/device_support/f2837xd/common/source/F2837xD_CodeStartBranch.asm"
 
Building file: "C:/Users/hites/Desktop/Github_Ideas/Thesis/Thesis/Software/Thesis_CC/C2000Ware_4_01_00_00/device_support/f2837xd/common/source/F2837xD_DefaultISR.c"
Invoking: C2000 Compiler
"C:/ti/ccs1200/ccs/tools/compiler/ti-cgt-c2000_22.6.0.LTS/bin/cl2000" -v28 -ml -mt --float_support=fpu32 --cla_support=cla1 --tmu_support=tmu0 --vcu_support=vcu2 --include_path="C:/ti/ccs1200/ccs/tools/compiler/ti-cgt-c2000_22.6.0.LTS/include" --include_path="C:/Users/hites/Desktop/Github_Ideas/Thesis/Thesis/Software/Thesis_CC/C2000Ware_4_01_00_00/device_support/f2837xd/headers/include" --include_path="C:/Users/hites/Desktop/Github_Ideas/Thesis/Thesis/Software/Thesis_CC/C2000Ware_4_01_00_00/device_support/f2837xd/common/include" -g --define=CPU2 --define=_FLASH --display_error_number --diag_warning=225 --preproc_with_compile --preproc_dependency="F2837xD_DefaultISR.d_raw"  "C:/Users/hites/Desktop/Github_Ideas/Thesis/Thesis/Software/Thesis_CC/C2000Ware_4_01_00_00/device_support/f2837xd/common/source/F2837xD_DefaultISR.c"
Finished building: "C:/Users/hites/Desktop/Github_Ideas/Thesis/Thesis/Software/Thesis_CC/C2000Ware_4_01_00_00/device_support/f2837xd/common/source/F2837xD_DefaultISR.c"
 
Building file: "C:/Users/hites/Desktop/Github_Ideas/Thesis/Thesis/Software/Thesis_CC/C2000Ware_4_01_00_00/device_support/f2837xd/headers/source/F2837xD_GlobalVariableDefs.c"
Invoking: C2000 Compiler
"C:/ti/ccs1200/ccs/tools/compiler/ti-cgt-c2000_22.6.0.LTS/bin/cl2000" -v28 -ml -mt --float_support=fpu32 --cla_support=cla1 --tmu_support=tmu0 --vcu_support=vcu2 --include_path="C:/ti/ccs1200/ccs/tools/compiler/ti-cgt-c2000_22.6.0.LTS/include" --include_path="C:/Users/hites/Desktop/Github_Ideas/Thesis/Thesis/Software/Thesis_CC/C2000Ware_4_01_00_00/device_support/f2837xd/headers/include" --include_path="C:/Users/hites/Desktop/Github_Ideas/Thesis/Thesis/Software/Thesis_CC/C2000Ware_4_01_00_00/device_support/f2837xd/common/include" -g --define=CPU2 --define=_FLASH --display_error_number --diag_warning=225 --preproc_with_compile --preproc_dependency="F2837xD_GlobalVariableDefs.d_raw"  "C:/Users/hites/Desktop/Github_Ideas/Thesis/Thesis/Software/Thesis_CC/C2000Ware_4_01_00_00/device_support/f2837xd/headers/source/F2837xD_GlobalVariableDefs.c"
Finished building: "C:/Users/hites/Desktop/Github_Ideas/Thesis/Thesis/Software/Thesis_CC/C2000Ware_4_01_00_00/device_support/f2837xd/headers/source/F2837xD_GlobalVariableDefs.c"
 
Building file: "C:/Users/hites/Desktop/Github_Ideas/Thesis/Thesis/Software/Thesis_CC/C2000Ware_4_01_00_00/device_support/f2837xd/common/source/F2837xD_Gpio.c"
Invoking: C2000 Compiler
"C:/ti/ccs1200/ccs/tools/compiler/ti-cgt-c2000_22.6.0.LTS/bin/cl2000" -v28 -ml -mt --float_support=fpu32 --cla_support=cla1 --tmu_support=tmu0 --vcu_support=vcu2 --include_path="C:/ti/ccs1200/ccs/tools/compiler/ti-cgt-c2000_22.6.0.LTS/include" --include_path="C:/Users/hites/Desktop/Github_Ideas/Thesis/Thesis/Software/Thesis_CC/C2000Ware_4_01_00_00/device_support/f2837xd/headers/include" --include_path="C:/Users/hites/Desktop/Github_Ideas/Thesis/Thesis/Software/Thesis_CC/C2000Ware_4_01_00_00/device_support/f2837xd/common/include" -g --define=CPU2 --define=_FLASH --display_error_number --diag_warning=225 --preproc_with_compile --preproc_dependency="F2837xD_Gpio.d_raw"  "C:/Users/hites/Desktop/Github_Ideas/Thesis/Thesis/Software/Thesis_CC/C2000Ware_4_01_00_00/device_support/f2837xd/common/source/F2837xD_Gpio.c"
Finished building: "C:/Users/hites/Desktop/Github_Ideas/Thesis/Thesis/Software/Thesis_CC/C2000Ware_4_01_00_00/device_support/f2837xd/common/source/F2837xD_Gpio.c"
 
Building file: "C:/Users/hites/Desktop/Github_Ideas/Thesis/Thesis/Software/Thesis_CC/C2000Ware_4_01_00_00/device_support/f2837xd/common/source/F2837xD_Ipc.c"
Invoking: C2000 Compiler
"C:/ti/ccs1200/ccs/tools/compiler/ti-cgt-c2000_22.6.0.LTS/bin/cl2000" -v28 -ml -mt --float_support=fpu32 --cla_support=cla1 --tmu_support=tmu0 --vcu_support=vcu2 --include_path="C:/ti/ccs1200/ccs/tools/compiler/ti-cgt-c2000_22.6.0.LTS/include" --include_path="C:/Users/hites/Desktop/Github_Ideas/Thesis/Thesis/Software/Thesis_CC/C2000Ware_4_01_00_00/device_support/f2837xd/headers/include" --include_path="C:/Users/hites/Desktop/Github_Ideas/Thesis/Thesis/Software/Thesis_CC/C2000Ware_4_01_00_00/device_support/f2837xd/common/include" -g --define=CPU2 --define=_FLASH --display_error_number --diag_warning=225 --preproc_with_compile --preproc_dependency="F2837xD_Ipc.d_raw"  "C:/Users/hites/Desktop/Github_Ideas/Thesis/Thesis/Software/Thesis_CC/C2000Ware_4_01_00_00/device_support/f2837xd/common/source/F2837xD_Ipc.c"
Finished building: "C:/Users/hites/Desktop/Github_Ideas/Thesis/Thesis/Software/Thesis_CC/C2000Ware_4_01_00_00/device_support/f2837xd/common/source/F2837xD_Ipc.c"
 
Building file: "C:/Users/hites/Desktop/Github_Ideas/Thesis/Thesis/Software/Thesis_CC/C2000Ware_4_01_00_00/device_support/f2837xd/common/source/F2837xD_PieCtrl.c"
Invoking: C2000 Compiler
"C:/ti/ccs1200/ccs/tools/compiler/ti-cgt-c2000_22.6.0.LTS/bin/cl2000" -v28 -ml -mt --float_support=fpu32 --cla_support=cla1 --tmu_support=tmu0 --vcu_support=vcu2 --include_path="C:/ti/ccs1200/ccs/tools/compiler/ti-cgt-c2000_22.6.0.LTS/include" --include_path="C:/Users/hites/Desktop/Github_Ideas/Thesis/Thesis/Software/Thesis_CC/C2000Ware_4_01_00_00/device_support/f2837xd/headers/include" --include_path="C:/Users/hites/Desktop/Github_Ideas/Thesis/Thesis/Software/Thesis_CC/C2000Ware_4_01_00_00/device_support/f2837xd/common/include" -g --define=CPU2 --define=_FLASH --display_error_number --diag_warning=225 --preproc_with_compile --preproc_dependency="F2837xD_PieCtrl.d_raw"  "C:/Users/hites/Desktop/Github_Ideas/Thesis/Thesis/Software/Thesis_CC/C2000Ware_4_01_00_00/device_support/f2837xd/common/source/F2837xD_PieCtrl.c"
Finished building: "C:/Users/hites/Desktop/Github_Ideas/Thesis/Thesis/Software/Thesis_CC/C2000Ware_4_01_00_00/device_support/f2837xd/common/source/F2837xD_PieCtrl.c"
 
Building file: "C:/Users/hites/Desktop/Github_Ideas/Thesis/Thesis/Software/Thesis_CC/C2000Ware_4_01_00_00/device_support/f2837xd/common/source/F2837xD_PieVect.c"
Invoking: C2000 Compiler
"C:/ti/ccs1200/ccs/tools/compiler/ti-cgt-c2000_22.6.0.LTS/bin/cl2000" -v28 -ml -mt --float_support=fpu32 --cla_support=cla1 --tmu_support=tmu0 --vcu_support=vcu2 --include_path="C:/ti/ccs1200/ccs/tools/compiler/ti-cgt-c2000_22.6.0.LTS/include" --include_path="C:/Users/hites/Desktop/Github_Ideas/Thesis/Thesis/Software/Thesis_CC/C2000Ware_4_01_00_00/device_support/f2837xd/headers/include" --include_path="C:/Users/hites/Desktop/Github_Ideas/Thesis/Thesis/Software/Thesis_CC/C2000Ware_4_01_00_00/device_support/f2837xd/common/include" -g --define=CPU2 --define=_FLASH --display_error_number --diag_warning=225 --preproc_with_compile --preproc_dependency="F2837xD_PieVect.d_raw"  "C:/Users/hites/Desktop/Github_Ideas/Thesis/Thesis/Software/Thesis_CC/C2000Ware_4_01_00_00/device_support/f2837xd/common/source/F2837xD_PieVect.c"
Finished building: "C:/Users/hites/Desktop/Github_Ideas/Thesis/Thesis/Software/Thesis_CC/C2000Ware_4_01_00_00/device_support/f2837xd/common/source/F2837xD_PieVect.c"
 
Building file: "C:/Users/hites/Desktop/Github_Ideas/Thesis/Thesis/Software/Thesis_CC/C2000Ware_4_01_00_00/device_support/f2837xd/common/source/F2837xD_SysCtrl.c"
Invoking: C2000 Compiler
"C:/ti/ccs1200/ccs/tools/compiler/ti-cgt-c2000_22.6.0.LTS/bin/cl2000" -v28 -ml -mt --float_support=fpu32 --cla_support=cla1 --tmu_support=tmu0 --vcu_support=vcu2 --include_path="C:/ti/ccs1200/ccs/tools/compiler/ti-cgt-c2000_22.6.0.LTS/include" --include_path="C:/Users/hites/Desktop/Github_Ideas/Thesis/Thesis/Software/Thesis_CC/C2000Ware_4_01_00_00/device_support/f2837xd/headers/include" --include_path="C:/Users/hites/Desktop/Github_Ideas/Thesis/Thesis/Software/Thesis_CC/C2000Ware_4_01_00_00/device_support/f2837xd/common/include" -g --define=CPU2 --define=_FLASH --display_error_number --diag_warning=225 --preproc_with_compile --preproc_dependency="F2837xD_SysCtrl.d_raw"  "C:/Users/hites/Desktop/Github_Ideas/Thesis/Thesis/Software/Thesis_CC/C2000Ware_4_01_00_00/device_support/f2837xd/common/source/F2837xD_SysCtrl.c"
Finished building: "C:/Users/hites/Desktop/Github_Ideas/Thesis/Thesis/Software/Thesis_CC/C2000Ware_4_01_00_00/device_support/f2837xd/common/source/F2837xD_SysCtrl.c"
 
Building file: "C:/Users/hites/Desktop/Github_Ideas/Thesis/Thesis/Software/Thesis_CC/C2000Ware_4_01_00_00/device_support/f2837xd/common/source/F2837xD_usDelay.asm"
Invoking: C2000 Compiler
"C:/ti/ccs1200/ccs/tools/compiler/ti-cgt-c2000_22.6.0.LTS/bin/cl2000" -v28 -ml -mt --float_support=fpu32 --cla_support=cla1 --tmu_support=tmu0 --vcu_support=vcu2 --include_path="C:/ti/ccs1200/ccs/tools/compiler/ti-cgt-c2000_22.6.0.LTS/include" --include_path="C:/Users/hites/Desktop/Github_Ideas/Thesis/Thesis/Software/Thesis_CC/C2000Ware_4_01_00_00/device_support/f2837xd/headers/include" --include_path="C:/Users/hites/Desktop/Github_Ideas/Thesis/Thesis/Software/Thesis_CC/C2000Ware_4_01_00_00/device_support/f2837xd/common/include" -g --define=CPU2 --define=_FLASH --display_error_number --diag_warning=225 --preproc_with_compile --preproc_dependency="F2837xD_usDelay.d_raw"  "C:/Users/hites/Desktop/Github_Ideas/Thesis/Thesis/Software/Thesis_CC/C2000Ware_4_01_00_00/device_support/f2837xd/common/source/F2837xD_usDelay.asm"
Finished building: "C:/Users/hites/Desktop/Github_Ideas/Thesis/Thesis/Software/Thesis_CC/C2000Ware_4_01_00_00/device_support/f2837xd/common/source/F2837xD_usDelay.asm"
 
Building target: "blinky_dc_cpu02.out"
Invoking: C2000 Linker
"C:/ti/ccs1200/ccs/tools/compiler/ti-cgt-c2000_22.6.0.LTS/bin/cl2000" -v28 -ml -mt --float_support=fpu32 --cla_support=cla1 --tmu_support=tmu0 --vcu_support=vcu2 -g --define=CPU2 --define=_FLASH --display_error_number --diag_warning=225 -z -m"blinky_dc_cpu02.map" --heap_size=0x400 --stack_size=0x3F8 --warn_sections -i"C:/ti/ccs1200/ccs/tools/compiler/ti-cgt-c2000_22.6.0.LTS/lib" -i"C:/ti/ccs1200/ccs/tools/compiler/ti-cgt-c2000_22.6.0.LTS/include" -i"C:/Users/hites/Desktop/Github_Ideas/Thesis/Thesis/Software/Thesis_CC/C2000Ware_4_01_00_00/device_support/f2837xd/common/cmd" -i"C:/Users/hites/Desktop/Github_Ideas/Thesis/Thesis/Software/Thesis_CC/C2000Ware_4_01_00_00/device_support/f2837xd/headers/cmd" --reread_libs --display_error_number --xml_link_info="blinky_dc_cpu02_linkInfo.xml" --rom_model -o "blinky_dc_cpu02.out" "./F2837xD_CodeStartBranch.obj" "./F2837xD_DefaultISR.obj" "./F2837xD_GlobalVariableDefs.obj" "./F2837xD_Gpio.obj" "./F2837xD_Ipc.obj" "./F2837xD_PieCtrl.obj" "./F2837xD_PieVect.obj" "./F2837xD_SysCtrl.obj" "./F2837xD_usDelay.obj" "./blinky_dc_cpu02.obj"  -lrts2800_fpu32.lib -l2837xD_FLASH_lnk_cpu2.cmd -lF2837xD_Headers_nonBIOS_cpu2.cmd -llibc.a 
<Linking>
Finished building target: "blinky_dc_cpu02.out"
 

**** Build Finished ****
