
**** Build of configuration CPU1_RAM for project spi_loopback_cpu01 ****

"C:\\ti\\ccs1200\\ccs\\utils\\bin\\gmake" -k all 
 
Building file: "C:/Users/hites/Desktop/Github_Ideas/Launchpad_C_code/TMS320F28379D_Coding/C2000Ware_4_01_00_00_Modified/device_support/f2837xd/examples/cpu1/spi_loopback/cpu01/Example_2837xDSpi_FFDLB.c"
Invoking: C2000 Compiler
"C:/ti/ccs1200/ccs/tools/compiler/ti-cgt-c2000_22.6.0.LTS/bin/cl2000" -v28 -ml -mt --float_support=fpu32 --cla_support=cla1 --tmu_support=tmu0 --vcu_support=vcu2 --include_path="C:/ti/ccs1200/ccs/tools/compiler/ti-cgt-c2000_22.6.0.LTS/include" --include_path="C:/Users/hites/Desktop/Github_Ideas/Launchpad_C_code/TMS320F28379D_Coding/C2000Ware_4_01_00_00_Modified/device_support/f2837xd/headers/include" --include_path="C:/Users/hites/Desktop/Github_Ideas/Launchpad_C_code/TMS320F28379D_Coding/C2000Ware_4_01_00_00_Modified/device_support/f2837xd/common/include" -g --define=CPU1 --display_error_number --diag_suppress=10063 --diag_warning=225 --preproc_with_compile --preproc_dependency="Example_2837xDSpi_FFDLB.d_raw"  "C:/Users/hites/Desktop/Github_Ideas/Launchpad_C_code/TMS320F28379D_Coding/C2000Ware_4_01_00_00_Modified/device_support/f2837xd/examples/cpu1/spi_loopback/cpu01/Example_2837xDSpi_FFDLB.c"
 
>> Compilation failure
subdir_rules.mk:9: recipe for target 'Example_2837xDSpi_FFDLB.obj' failed
"C:\Users\hites\Desktop\Github_Ideas\Launchpad_C_code\TMS320F28379D_Coding\C2000Ware_4_01_00_00_Modified\device_support\f2837xd\common\include\driverlib.h", line 45: fatal error #1965: cannot open source file "inc/hw_memmap.h"
1 catastrophic error detected in the compilation of "C:/Users/hites/Desktop/Github_Ideas/Launchpad_C_code/TMS320F28379D_Coding/C2000Ware_4_01_00_00_Modified/device_support/f2837xd/examples/cpu1/spi_loopback/cpu01/Example_2837xDSpi_FFDLB.c".
Compilation terminated.
gmake: *** [Example_2837xDSpi_FFDLB.obj] Error 1
Building file: "C:/Users/hites/Desktop/Github_Ideas/Launchpad_C_code/TMS320F28379D_Coding/C2000Ware_4_01_00_00_Modified/device_support/f2837xd/common/source/F2837xD_CodeStartBranch.asm"
Invoking: C2000 Compiler
"C:/ti/ccs1200/ccs/tools/compiler/ti-cgt-c2000_22.6.0.LTS/bin/cl2000" -v28 -ml -mt --float_support=fpu32 --cla_support=cla1 --tmu_support=tmu0 --vcu_support=vcu2 --include_path="C:/ti/ccs1200/ccs/tools/compiler/ti-cgt-c2000_22.6.0.LTS/include" --include_path="C:/Users/hites/Desktop/Github_Ideas/Launchpad_C_code/TMS320F28379D_Coding/C2000Ware_4_01_00_00_Modified/device_support/f2837xd/headers/include" --include_path="C:/Users/hites/Desktop/Github_Ideas/Launchpad_C_code/TMS320F28379D_Coding/C2000Ware_4_01_00_00_Modified/device_support/f2837xd/common/include" -g --define=CPU1 --display_error_number --diag_suppress=10063 --diag_warning=225 --preproc_with_compile --preproc_dependency="F2837xD_CodeStartBranch.d_raw"  "C:/Users/hites/Desktop/Github_Ideas/Launchpad_C_code/TMS320F28379D_Coding/C2000Ware_4_01_00_00_Modified/device_support/f2837xd/common/source/F2837xD_CodeStartBranch.asm"
Finished building: "C:/Users/hites/Desktop/Github_Ideas/Launchpad_C_code/TMS320F28379D_Coding/C2000Ware_4_01_00_00_Modified/device_support/f2837xd/common/source/F2837xD_CodeStartBranch.asm"
 
Building file: "C:/Users/hites/Desktop/Github_Ideas/Launchpad_C_code/TMS320F28379D_Coding/C2000Ware_4_01_00_00_Modified/device_support/f2837xd/common/source/F2837xD_DefaultISR.c"
Invoking: C2000 Compiler
"C:/ti/ccs1200/ccs/tools/compiler/ti-cgt-c2000_22.6.0.LTS/bin/cl2000" -v28 -ml -mt --float_support=fpu32 --cla_support=cla1 --tmu_support=tmu0 --vcu_support=vcu2 --include_path="C:/ti/ccs1200/ccs/tools/compiler/ti-cgt-c2000_22.6.0.LTS/include" --include_path="C:/Users/hites/Desktop/Github_Ideas/Launchpad_C_code/TMS320F28379D_Coding/C2000Ware_4_01_00_00_Modified/device_support/f2837xd/headers/include" --include_path="C:/Users/hites/Desktop/Github_Ideas/Launchpad_C_code/TMS320F28379D_Coding/C2000Ware_4_01_00_00_Modified/device_support/f2837xd/common/include" -g --define=CPU1 --display_error_number --diag_suppress=10063 --diag_warning=225 --preproc_with_compile --preproc_dependency="F2837xD_DefaultISR.d_raw"  "C:/Users/hites/Desktop/Github_Ideas/Launchpad_C_code/TMS320F28379D_Coding/C2000Ware_4_01_00_00_Modified/device_support/f2837xd/common/source/F2837xD_DefaultISR.c"
Finished building: "C:/Users/hites/Desktop/Github_Ideas/Launchpad_C_code/TMS320F28379D_Coding/C2000Ware_4_01_00_00_Modified/device_support/f2837xd/common/source/F2837xD_DefaultISR.c"
 
Building file: "C:/Users/hites/Desktop/Github_Ideas/Launchpad_C_code/TMS320F28379D_Coding/C2000Ware_4_01_00_00_Modified/device_support/f2837xd/headers/source/F2837xD_GlobalVariableDefs.c"
Invoking: C2000 Compiler
"C:/ti/ccs1200/ccs/tools/compiler/ti-cgt-c2000_22.6.0.LTS/bin/cl2000" -v28 -ml -mt --float_support=fpu32 --cla_support=cla1 --tmu_support=tmu0 --vcu_support=vcu2 --include_path="C:/ti/ccs1200/ccs/tools/compiler/ti-cgt-c2000_22.6.0.LTS/include" --include_path="C:/Users/hites/Desktop/Github_Ideas/Launchpad_C_code/TMS320F28379D_Coding/C2000Ware_4_01_00_00_Modified/device_support/f2837xd/headers/include" --include_path="C:/Users/hites/Desktop/Github_Ideas/Launchpad_C_code/TMS320F28379D_Coding/C2000Ware_4_01_00_00_Modified/device_support/f2837xd/common/include" -g --define=CPU1 --display_error_number --diag_suppress=10063 --diag_warning=225 --preproc_with_compile --preproc_dependency="F2837xD_GlobalVariableDefs.d_raw"  "C:/Users/hites/Desktop/Github_Ideas/Launchpad_C_code/TMS320F28379D_Coding/C2000Ware_4_01_00_00_Modified/device_support/f2837xd/headers/source/F2837xD_GlobalVariableDefs.c"
Finished building: "C:/Users/hites/Desktop/Github_Ideas/Launchpad_C_code/TMS320F28379D_Coding/C2000Ware_4_01_00_00_Modified/device_support/f2837xd/headers/source/F2837xD_GlobalVariableDefs.c"
 
Building file: "C:/Users/hites/Desktop/Github_Ideas/Launchpad_C_code/TMS320F28379D_Coding/C2000Ware_4_01_00_00_Modified/device_support/f2837xd/common/source/F2837xD_Gpio.c"
Invoking: C2000 Compiler
"C:/ti/ccs1200/ccs/tools/compiler/ti-cgt-c2000_22.6.0.LTS/bin/cl2000" -v28 -ml -mt --float_support=fpu32 --cla_support=cla1 --tmu_support=tmu0 --vcu_support=vcu2 --include_path="C:/ti/ccs1200/ccs/tools/compiler/ti-cgt-c2000_22.6.0.LTS/include" --include_path="C:/Users/hites/Desktop/Github_Ideas/Launchpad_C_code/TMS320F28379D_Coding/C2000Ware_4_01_00_00_Modified/device_support/f2837xd/headers/include" --include_path="C:/Users/hites/Desktop/Github_Ideas/Launchpad_C_code/TMS320F28379D_Coding/C2000Ware_4_01_00_00_Modified/device_support/f2837xd/common/include" -g --define=CPU1 --display_error_number --diag_suppress=10063 --diag_warning=225 --preproc_with_compile --preproc_dependency="F2837xD_Gpio.d_raw"  "C:/Users/hites/Desktop/Github_Ideas/Launchpad_C_code/TMS320F28379D_Coding/C2000Ware_4_01_00_00_Modified/device_support/f2837xd/common/source/F2837xD_Gpio.c"
Finished building: "C:/Users/hites/Desktop/Github_Ideas/Launchpad_C_code/TMS320F28379D_Coding/C2000Ware_4_01_00_00_Modified/device_support/f2837xd/common/source/F2837xD_Gpio.c"
 
Building file: "C:/Users/hites/Desktop/Github_Ideas/Launchpad_C_code/TMS320F28379D_Coding/C2000Ware_4_01_00_00_Modified/device_support/f2837xd/common/source/F2837xD_Ipc.c"
Invoking: C2000 Compiler
"C:/ti/ccs1200/ccs/tools/compiler/ti-cgt-c2000_22.6.0.LTS/bin/cl2000" -v28 -ml -mt --float_support=fpu32 --cla_support=cla1 --tmu_support=tmu0 --vcu_support=vcu2 --include_path="C:/ti/ccs1200/ccs/tools/compiler/ti-cgt-c2000_22.6.0.LTS/include" --include_path="C:/Users/hites/Desktop/Github_Ideas/Launchpad_C_code/TMS320F28379D_Coding/C2000Ware_4_01_00_00_Modified/device_support/f2837xd/headers/include" --include_path="C:/Users/hites/Desktop/Github_Ideas/Launchpad_C_code/TMS320F28379D_Coding/C2000Ware_4_01_00_00_Modified/device_support/f2837xd/common/include" -g --define=CPU1 --display_error_number --diag_suppress=10063 --diag_warning=225 --preproc_with_compile --preproc_dependency="F2837xD_Ipc.d_raw"  "C:/Users/hites/Desktop/Github_Ideas/Launchpad_C_code/TMS320F28379D_Coding/C2000Ware_4_01_00_00_Modified/device_support/f2837xd/common/source/F2837xD_Ipc.c"
Finished building: "C:/Users/hites/Desktop/Github_Ideas/Launchpad_C_code/TMS320F28379D_Coding/C2000Ware_4_01_00_00_Modified/device_support/f2837xd/common/source/F2837xD_Ipc.c"
 
Building file: "C:/Users/hites/Desktop/Github_Ideas/Launchpad_C_code/TMS320F28379D_Coding/C2000Ware_4_01_00_00_Modified/device_support/f2837xd/common/source/F2837xD_PieCtrl.c"
Invoking: C2000 Compiler
"C:/ti/ccs1200/ccs/tools/compiler/ti-cgt-c2000_22.6.0.LTS/bin/cl2000" -v28 -ml -mt --float_support=fpu32 --cla_support=cla1 --tmu_support=tmu0 --vcu_support=vcu2 --include_path="C:/ti/ccs1200/ccs/tools/compiler/ti-cgt-c2000_22.6.0.LTS/include" --include_path="C:/Users/hites/Desktop/Github_Ideas/Launchpad_C_code/TMS320F28379D_Coding/C2000Ware_4_01_00_00_Modified/device_support/f2837xd/headers/include" --include_path="C:/Users/hites/Desktop/Github_Ideas/Launchpad_C_code/TMS320F28379D_Coding/C2000Ware_4_01_00_00_Modified/device_support/f2837xd/common/include" -g --define=CPU1 --display_error_number --diag_suppress=10063 --diag_warning=225 --preproc_with_compile --preproc_dependency="F2837xD_PieCtrl.d_raw"  "C:/Users/hites/Desktop/Github_Ideas/Launchpad_C_code/TMS320F28379D_Coding/C2000Ware_4_01_00_00_Modified/device_support/f2837xd/common/source/F2837xD_PieCtrl.c"
Finished building: "C:/Users/hites/Desktop/Github_Ideas/Launchpad_C_code/TMS320F28379D_Coding/C2000Ware_4_01_00_00_Modified/device_support/f2837xd/common/source/F2837xD_PieCtrl.c"
 
Building file: "C:/Users/hites/Desktop/Github_Ideas/Launchpad_C_code/TMS320F28379D_Coding/C2000Ware_4_01_00_00_Modified/device_support/f2837xd/common/source/F2837xD_PieVect.c"
Invoking: C2000 Compiler
"C:/ti/ccs1200/ccs/tools/compiler/ti-cgt-c2000_22.6.0.LTS/bin/cl2000" -v28 -ml -mt --float_support=fpu32 --cla_support=cla1 --tmu_support=tmu0 --vcu_support=vcu2 --include_path="C:/ti/ccs1200/ccs/tools/compiler/ti-cgt-c2000_22.6.0.LTS/include" --include_path="C:/Users/hites/Desktop/Github_Ideas/Launchpad_C_code/TMS320F28379D_Coding/C2000Ware_4_01_00_00_Modified/device_support/f2837xd/headers/include" --include_path="C:/Users/hites/Desktop/Github_Ideas/Launchpad_C_code/TMS320F28379D_Coding/C2000Ware_4_01_00_00_Modified/device_support/f2837xd/common/include" -g --define=CPU1 --display_error_number --diag_suppress=10063 --diag_warning=225 --preproc_with_compile --preproc_dependency="F2837xD_PieVect.d_raw"  "C:/Users/hites/Desktop/Github_Ideas/Launchpad_C_code/TMS320F28379D_Coding/C2000Ware_4_01_00_00_Modified/device_support/f2837xd/common/source/F2837xD_PieVect.c"
Finished building: "C:/Users/hites/Desktop/Github_Ideas/Launchpad_C_code/TMS320F28379D_Coding/C2000Ware_4_01_00_00_Modified/device_support/f2837xd/common/source/F2837xD_PieVect.c"
 
Building file: "C:/Users/hites/Desktop/Github_Ideas/Launchpad_C_code/TMS320F28379D_Coding/C2000Ware_4_01_00_00_Modified/device_support/f2837xd/common/source/F2837xD_Spi.c"
Invoking: C2000 Compiler
"C:/ti/ccs1200/ccs/tools/compiler/ti-cgt-c2000_22.6.0.LTS/bin/cl2000" -v28 -ml -mt --float_support=fpu32 --cla_support=cla1 --tmu_support=tmu0 --vcu_support=vcu2 --include_path="C:/ti/ccs1200/ccs/tools/compiler/ti-cgt-c2000_22.6.0.LTS/include" --include_path="C:/Users/hites/Desktop/Github_Ideas/Launchpad_C_code/TMS320F28379D_Coding/C2000Ware_4_01_00_00_Modified/device_support/f2837xd/headers/include" --include_path="C:/Users/hites/Desktop/Github_Ideas/Launchpad_C_code/TMS320F28379D_Coding/C2000Ware_4_01_00_00_Modified/device_support/f2837xd/common/include" -g --define=CPU1 --display_error_number --diag_suppress=10063 --diag_warning=225 --preproc_with_compile --preproc_dependency="F2837xD_Spi.d_raw"  "C:/Users/hites/Desktop/Github_Ideas/Launchpad_C_code/TMS320F28379D_Coding/C2000Ware_4_01_00_00_Modified/device_support/f2837xd/common/source/F2837xD_Spi.c"
Finished building: "C:/Users/hites/Desktop/Github_Ideas/Launchpad_C_code/TMS320F28379D_Coding/C2000Ware_4_01_00_00_Modified/device_support/f2837xd/common/source/F2837xD_Spi.c"
 
Building file: "C:/Users/hites/Desktop/Github_Ideas/Launchpad_C_code/TMS320F28379D_Coding/C2000Ware_4_01_00_00_Modified/device_support/f2837xd/common/source/F2837xD_SysCtrl.c"
Invoking: C2000 Compiler
"C:/ti/ccs1200/ccs/tools/compiler/ti-cgt-c2000_22.6.0.LTS/bin/cl2000" -v28 -ml -mt --float_support=fpu32 --cla_support=cla1 --tmu_support=tmu0 --vcu_support=vcu2 --include_path="C:/ti/ccs1200/ccs/tools/compiler/ti-cgt-c2000_22.6.0.LTS/include" --include_path="C:/Users/hites/Desktop/Github_Ideas/Launchpad_C_code/TMS320F28379D_Coding/C2000Ware_4_01_00_00_Modified/device_support/f2837xd/headers/include" --include_path="C:/Users/hites/Desktop/Github_Ideas/Launchpad_C_code/TMS320F28379D_Coding/C2000Ware_4_01_00_00_Modified/device_support/f2837xd/common/include" -g --define=CPU1 --display_error_number --diag_suppress=10063 --diag_warning=225 --preproc_with_compile --preproc_dependency="F2837xD_SysCtrl.d_raw"  "C:/Users/hites/Desktop/Github_Ideas/Launchpad_C_code/TMS320F28379D_Coding/C2000Ware_4_01_00_00_Modified/device_support/f2837xd/common/source/F2837xD_SysCtrl.c"
"C:/Users/hites/Desktop/Github_Ideas/Launchpad_C_code/TMS320F28379D_Coding/C2000Ware_4_01_00_00_Modified/device_support/f2837xd/common/source/F2837xD_SysCtrl.c", line 837 (col. 47): advice #2614-D: (Performance) Use --fp_mode=relaxed to enable TMU hardware support for FP division.
Finished building: "C:/Users/hites/Desktop/Github_Ideas/Launchpad_C_code/TMS320F28379D_Coding/C2000Ware_4_01_00_00_Modified/device_support/f2837xd/common/source/F2837xD_SysCtrl.c"
 
Building file: "C:/Users/hites/Desktop/Github_Ideas/Launchpad_C_code/TMS320F28379D_Coding/C2000Ware_4_01_00_00_Modified/device_support/f2837xd/common/source/F2837xD_usDelay.asm"
Invoking: C2000 Compiler
"C:/ti/ccs1200/ccs/tools/compiler/ti-cgt-c2000_22.6.0.LTS/bin/cl2000" -v28 -ml -mt --float_support=fpu32 --cla_support=cla1 --tmu_support=tmu0 --vcu_support=vcu2 --include_path="C:/ti/ccs1200/ccs/tools/compiler/ti-cgt-c2000_22.6.0.LTS/include" --include_path="C:/Users/hites/Desktop/Github_Ideas/Launchpad_C_code/TMS320F28379D_Coding/C2000Ware_4_01_00_00_Modified/device_support/f2837xd/headers/include" --include_path="C:/Users/hites/Desktop/Github_Ideas/Launchpad_C_code/TMS320F28379D_Coding/C2000Ware_4_01_00_00_Modified/device_support/f2837xd/common/include" -g --define=CPU1 --display_error_number --diag_suppress=10063 --diag_warning=225 --preproc_with_compile --preproc_dependency="F2837xD_usDelay.d_raw"  "C:/Users/hites/Desktop/Github_Ideas/Launchpad_C_code/TMS320F28379D_Coding/C2000Ware_4_01_00_00_Modified/device_support/f2837xd/common/source/F2837xD_usDelay.asm"
Finished building: "C:/Users/hites/Desktop/Github_Ideas/Launchpad_C_code/TMS320F28379D_Coding/C2000Ware_4_01_00_00_Modified/device_support/f2837xd/common/source/F2837xD_usDelay.asm"
 
gmake: Target 'all' not remade because of errors.

**** Build Finished ****
